0 info it worked if it ends with ok
1 verbose cli [ '/usr/bin/node', '/usr/bin/npm', 'run', 'dev' ]
2 info using npm@3.10.5
3 info using node@v6.3.1
4 verbose run-script [ 'predev', 'dev', 'postdev' ]
5 info lifecycle client-intake-form@1.0.0~predev: client-intake-form@1.0.0
6 silly lifecycle client-intake-form@1.0.0~predev: no script for predev, continuing
7 info lifecycle client-intake-form@1.0.0~dev: client-intake-form@1.0.0
8 verbose lifecycle client-intake-form@1.0.0~dev: unsafe-perm in lifecycle true
9 verbose lifecycle client-intake-form@1.0.0~dev: PATH: /usr/lib/node_modules/npm/bin/node-gyp-bin:/home/dylan/Documents/Projects/client-intake-form/node_modules/.bin:/usr/bin:/usr/local/sbin:/usr/local/bin:/usr/bin:/opt/android-sdk/platform-tools:/usr/lib/jvm/default/bin:/usr/bin/site_perl:/usr/bin/vendor_perl:/usr/bin/core_perl
10 verbose lifecycle client-intake-form@1.0.0~dev: CWD: /home/dylan/Documents/Projects/client-intake-form
11 silly lifecycle client-intake-form@1.0.0~dev: Args: [ '-c', 'cross-env NODE_ENV=development babel-node server' ]
12 silly lifecycle client-intake-form@1.0.0~dev: Returned: code: 1  signal: null
13 info lifecycle client-intake-form@1.0.0~dev: Failed to exec dev script
14 verbose stack Error: client-intake-form@1.0.0 dev: `cross-env NODE_ENV=development babel-node server`
14 verbose stack Exit status 1
14 verbose stack     at EventEmitter.<anonymous> (/usr/lib/node_modules/npm/lib/utils/lifecycle.js:242:16)
14 verbose stack     at emitTwo (events.js:106:13)
14 verbose stack     at EventEmitter.emit (events.js:191:7)
14 verbose stack     at ChildProcess.<anonymous> (/usr/lib/node_modules/npm/lib/utils/spawn.js:40:14)
14 verbose stack     at emitTwo (events.js:106:13)
14 verbose stack     at ChildProcess.emit (events.js:191:7)
14 verbose stack     at maybeClose (internal/child_process.js:852:16)
14 verbose stack     at Process.ChildProcess._handle.onexit (internal/child_process.js:215:5)
15 verbose pkgid client-intake-form@1.0.0
16 verbose cwd /home/dylan/Documents/Projects/client-intake-form
17 error Linux 4.6.4-1-ARCH
18 error argv "/usr/bin/node" "/usr/bin/npm" "run" "dev"
19 error node v6.3.1
20 error npm  v3.10.5
21 error code ELIFECYCLE
22 error client-intake-form@1.0.0 dev: `cross-env NODE_ENV=development babel-node server`
22 error Exit status 1
23 error Failed at the client-intake-form@1.0.0 dev script 'cross-env NODE_ENV=development babel-node server'.
23 error Make sure you have the latest version of node.js and npm installed.
23 error If you do, this is most likely a problem with the client-intake-form package,
23 error not with npm itself.
23 error Tell the author that this fails on your system:
23 error     cross-env NODE_ENV=development babel-node server
23 error You can get information on how to open an issue for this project with:
23 error     npm bugs client-intake-form
23 error Or if that isn't available, you can get their info via:
23 error     npm owner ls client-intake-form
23 error There is likely additional logging output above.
24 verbose exit [ 1, true ]
